<?xml version="1.0" encoding="UTF-8"?>
<testsuite xmlns:xsi="http://www.w3.org/2001/XMLSchema-instance" xsi:noNamespaceSchemaLocation="https://maven.apache.org/surefire/maven-surefire-plugin/xsd/surefire-test-report-3.0.xsd" version="3.0" name="de.ipvs.as.mbp.ServiceAvailabilityTest" time="0.02" tests="4" errors="0" skipped="2" failures="0">
  <properties>
[...]
</properties>
  <testcase name="" classname="de.ipvs.as.mbp.controller.RestDeviceControllerTest" time="0">
    <skipped message="disabledWithoutDocker is true and Docker is not available"/>
    <system-out><![CDATA[09:08:51.334 [main] DEBUG org.testcontainers.utility.TestcontainersConfiguration - Testcontainers configuration overrides will be loaded from file:/Users/congnguyen/.testcontainers.properties
09:08:51.352 [main] WARN org.testcontainers.utility.TestcontainersConfiguration - Attempted to read Testcontainers configuration file at file:/Users/congnguyen/.testcontainers.properties but the file was not found. Exception message: FileNotFoundException: /Users/congnguyen/.testcontainers.properties (No such file or directory)
09:08:51.363 [main] INFO org.testcontainers.dockerclient.DockerMachineClientProviderStrategy - docker-machine executable was not found on PATH ([/Users/congnguyen/.yarn/bin, /Users/congnguyen/.config/yarn/global/node_modules/.bin, /Users/congnguyen/.nvm/versions/node/v20.15.0/bin, /Library/Frameworks/Python.framework/Versions/3.12/bin, /Library/Frameworks/Python.framework/Versions/3.10/bin, /opt/homebrew/bin, /opt/homebrew/sbin, /usr/local/bin, /System/Cryptexes/App/usr/bin, /usr/bin, /bin, /usr/sbin, /sbin, /var/run/com.apple.security.cryptexd/codex.system/bootstrap/usr/local/bin, /var/run/com.apple.security.cryptexd/codex.system/bootstrap/usr/bin, /var/run/com.apple.security.cryptexd/codex.system/bootstrap/usr/appleinternal/bin, /Library/Apple/usr/bin, /usr/local/share/dotnet, ~/.dotnet/tools, /Users/congnguyen/.cargo/bin, /Users/congnguyen/Library/Application Support/JetBrains/Toolbox/scripts])
09:08:51.742 [ducttape-0] DEBUG org.testcontainers.dockerclient.DockerClientProviderStrategy - Pinging docker daemon...
09:08:51.770 [ducttape-0] DEBUG org.testcontainers.shaded.com.github.dockerjava.core.command.AbstrDockerCmd - Cmd: 
09:08:51.824 [main] DEBUG org.testcontainers.dockerclient.DockerClientProviderStrategy - UnixSocketClientProviderStrategy: failed with exception RuntimeException (java.lang.UnsatisfiedLinkError: /Users/congnguyen/Library/Caches/JNA/temp/jna2700852113417492061.tmp: dlopen(/Users/congnguyen/Library/Caches/JNA/temp/jna2700852113417492061.tmp, 0x0001): tried: '/Users/congnguyen/Library/Caches/JNA/temp/jna2700852113417492061.tmp' (fat file, but missing compatible architecture (have 'i386,x86_64', need 'arm64e' or 'arm64')), '/System/Volumes/Preboot/Cryptexes/OS/Users/congnguyen/Library/Caches/JNA/temp/jna2700852113417492061.tmp' (no such file), '/Users/congnguyen/Library/Caches/JNA/temp/jna2700852113417492061.tmp' (fat file, but missing compatible architecture (have 'i386,x86_64', need 'arm64e' or 'arm64'))). Root cause UnsatisfiedLinkError (/Users/congnguyen/Library/Caches/JNA/temp/jna2700852113417492061.tmp: dlopen(/Users/congnguyen/Library/Caches/JNA/temp/jna2700852113417492061.tmp, 0x0001): tried: '/Users/congnguyen/Library/Caches/JNA/temp/jna2700852113417492061.tmp' (fat file, but missing compatible architecture (have 'i386,x86_64', need 'arm64e' or 'arm64')), '/System/Volumes/Preboot/Cryptexes/OS/Users/congnguyen/Library/Caches/JNA/temp/jna2700852113417492061.tmp' (no such file), '/Users/congnguyen/Library/Caches/JNA/temp/jna2700852113417492061.tmp' (fat file, but missing compatible architecture (have 'i386,x86_64', need 'arm64e' or 'arm64')))
09:08:51.825 [main] ERROR org.testcontainers.dockerclient.DockerClientProviderStrategy - Could not find a valid Docker environment. Please check configuration. Attempted configurations were:
09:08:51.825 [main] ERROR org.testcontainers.dockerclient.DockerClientProviderStrategy -     UnixSocketClientProviderStrategy: failed with exception RuntimeException (java.lang.UnsatisfiedLinkError: /Users/congnguyen/Library/Caches/JNA/temp/jna2700852113417492061.tmp: dlopen(/Users/congnguyen/Library/Caches/JNA/temp/jna2700852113417492061.tmp, 0x0001): tried: '/Users/congnguyen/Library/Caches/JNA/temp/jna2700852113417492061.tmp' (fat file, but missing compatible architecture (have 'i386,x86_64', need 'arm64e' or 'arm64')), '/System/Volumes/Preboot/Cryptexes/OS/Users/congnguyen/Library/Caches/JNA/temp/jna2700852113417492061.tmp' (no such file), '/Users/congnguyen/Library/Caches/JNA/temp/jna2700852113417492061.tmp' (fat file, but missing compatible architecture (have 'i386,x86_64', need 'arm64e' or 'arm64'))). Root cause UnsatisfiedLinkError (/Users/congnguyen/Library/Caches/JNA/temp/jna2700852113417492061.tmp: dlopen(/Users/congnguyen/Library/Caches/JNA/temp/jna2700852113417492061.tmp, 0x0001): tried: '/Users/congnguyen/Library/Caches/JNA/temp/jna2700852113417492061.tmp' (fat file, but missing compatible architecture (have 'i386,x86_64', need 'arm64e' or 'arm64')), '/System/Volumes/Preboot/Cryptexes/OS/Users/congnguyen/Library/Caches/JNA/temp/jna2700852113417492061.tmp' (no such file), '/Users/congnguyen/Library/Caches/JNA/temp/jna2700852113417492061.tmp' (fat file, but missing compatible architecture (have 'i386,x86_64', need 'arm64e' or 'arm64')))
09:08:51.825 [main] ERROR org.testcontainers.dockerclient.DockerClientProviderStrategy - As no valid configuration was found, execution cannot continue
]]></system-out>
  </testcase>
  <testcase name="" classname="de.ipvs.as.mbp.controller.RestUserControllerTest" time="0">
    <skipped message="disabledWithoutDocker is true and Docker is not available"/>
  </testcase>
  <testcase name="mosquittoAvailable" classname="de.ipvs.as.mbp.ServiceAvailabilityTest" time="0.01"/>
  <testcase name="dockerAvailable" classname="de.ipvs.as.mbp.ServiceAvailabilityTest" time="0.001"/>
</testsuite>